<?xml version="1.0" encoding="UTF-8"?>
<!-- Generated by org.testng.reporters.JUnitXMLReporter -->
<testsuite ignored="0" hostname="LAPTOP-L3A86N1E" failures="0" tests="6" name="Default test" time="2.882" errors="0" timestamp="2024-01-30T13:02:25 IST">
  <testcase classname="FirstTestNG" name="f" time="0.02"/>
  <testcase classname="NewTest" name="f" time="0.003"/>
  <testcase classname="ms.testng.ms.NewTest" name="keyDown" time="2.251"/>
  <testcase classname="ms.testng.ms.NewTest" name="keyUp" time="0.109"/>
  <testcase classname="ms.testng.ms.NewTest" name="sendKeysToActiveElement" time="0.082"/>
  <testcase classname="ms.testng.ms.NewTest" name="sendKeysToDesignatedElement" time="0.339"/>
</testsuite> <!-- Default test -->
